<?xml version="1.0" encoding="UTF-8"?>
<!-- Generated by org.testng.reporters.JUnitXMLReporter -->
<testsuite ignored="0" hostname="LAPTOP-REONECU3" failures="0" tests="5" name="Test" time="24.539" errors="0" timestamp="2026-01-04T21:44:56 IST">
  <testcase classname="testscript.LoginTest" name="verifyTheUserIsAbleToLoginUsingValidCredentials" time="1.592"/>
  <testcase classname="testscript.LoginTest" name="verifyTheUserIsAbleToLoginUsingInvalidCredentials" time="0.414"/>
  <testcase classname="testscript.LoginTest" name="verifyTheUserIsAbleToLoginUsingValidUsernameAndInvalidPassword" time="0.399"/>
  <testcase classname="testscript.LoginTest" name="verifyTheUserIsAbleToLoginUsingInValidUsernameAndValidPassword" time="0.399">
    <skipped/>
  </testcase> <!-- verifyTheUserIsAbleToLoginUsingInValidUsernameAndValidPassword -->
  <testcase classname="testscript.LoginTest" name="verifyTheUserIsAbleToLoginUsingInValidUsernameAndValidPassword" time="0.401"/>
</testsuite> <!-- Test -->
