<?xml version="1.0" encoding="UTF-8"?>
<!-- Generated by org.testng.reporters.JUnitReportReporter -->
<testsuite hostname="LAPTOP-REONECU3" failures="0" tests="5" name="testscript.LoginTest" time="24.479" errors="0" timestamp="2026-01-04T21:44:56 IST" skipped="1">
  <testcase classname="testscript.LoginTest" name="verifyTheUserIsAbleToLoginUsingValidCredentials" time="9.962"/>
  <testcase classname="testscript.LoginTest" name="verifyTheUserIsAbleToLoginUsingInvalidCredentials" time="4.023"/>
  <testcase classname="testscript.LoginTest" name="verifyTheUserIsAbleToLoginUsingValidUsernameAndInvalidPassword" time="3.000"/>
  <testcase classname="testscript.LoginTest" name="verifyTheUserIsAbleToLoginUsingInValidUsernameAndValidPassword" time="2.611">
    <skipped/>
  </testcase> <!-- verifyTheUserIsAbleToLoginUsingInValidUsernameAndValidPassword -->
  <testcase classname="testscript.LoginTest" name="verifyTheUserIsAbleToLoginUsingInValidUsernameAndValidPassword" time="4.883"/>
</testsuite> <!-- testscript.LoginTest -->
